<?xml version="1.0" encoding="UTF-8"?>
<!-- Generated by org.testng.reporters.JUnitReportReporter -->
<testsuite hostname="Sonaji" failures="0" tests="6" name="com.Test.Test1" time="22.711" errors="0" timestamp="2024-09-05T02:23:18 IST" skipped="0">
  <testcase classname="com.Test.Test1" name="initializeHomePage" time="1.687"/>
  <system-out/>
  <testcase classname="com.Test.Test1" name="navigateToRevenueCalculator" time="0.571"/>
  <system-out/>
  <testcase classname="com.Test.Test1" name="scrollDownToTheSliderSectionAndAdjustAndValidateValue" time="4.690"/>
  <system-out/>
  <testcase classname="com.Test.Test1" name="updateAndValidateTextField" time="4.938"/>
  <system-out/>
  <testcase classname="com.Test.Test1" name="selectGivenCPTCodes" time="5.950"/>
  <system-out/>
  <testcase classname="com.Test.Test1" name="validateTotalRecurringReimbursement" time="4.875"/>
  <system-out/>
</testsuite> <!-- com.Test.Test1 -->
